2026-06-26 11:55:39,275 | INFO | User: what is the time
2026-06-26 11:55:39,469 | INFO | Assistant responded
2026-06-26 11:55:44,734 | INFO | User: what is the
2026-06-26 11:55:46,045 | INFO | Assistant responded
2026-06-26 11:55:51,579 | INFO | User: what is the date
2026-06-26 11:55:51,783 | INFO | Assistant responded
2026-06-26 11:55:56,748 | INFO | User: open youtube
2026-06-26 11:55:57,031 | INFO | Assistant responded
2026-06-26 11:56:07,249 | INFO | User: elon musk
2026-06-26 11:56:07,350 | INFO | Assistant responded
2026-06-26 11:56:12,925 | INFO | User: who is elon musk
2026-06-26 11:56:15,587 | INFO | Assistant responded
2026-06-26 11:56:29,707 | INFO | User: who is narendra
2026-06-26 11:56:31,100 | INFO | Assistant responded
2026-06-26 11:56:43,400 | INFO | User: pakistani
2026-06-26 11:56:43,605 | INFO | Assistant responded
2026-06-26 11:56:50,341 | INFO | User: is ai
2026-06-26 11:56:50,543 | INFO | Assistant responded
2026-06-26 11:56:56,180 | INFO | User: what is ai
2026-06-26 11:56:57,109 | INFO | Assistant responded
2026-06-26 11:57:14,857 | INFO | User: tell me a joke
2026-06-26 11:57:15,081 | INFO | Assistant responded
2026-06-26 11:57:27,720 | INFO | User: my name is army
2026-06-26 11:57:27,926 | INFO | Assistant responded
2026-06-26 11:57:32,691 | INFO | User: what ise my name
2026-06-26 11:57:36,567 | INFO | Assistant responded
2026-06-26 11:57:43,617 | INFO | User: weather in ahmedabad
2026-06-26 11:57:43,817 | INFO | Assistant responded
2026-06-26 11:57:58,483 | INFO | User: notepad
2026-06-26 11:57:58,705 | INFO | Assistant responded
2026-06-26 11:58:08,947 | INFO | User: what is machine learning
2026-06-26 11:58:11,181 | INFO | Assistant responded
2026-06-26 12:02:05,216 | INFO | User: what is the
2026-06-26 12:02:08,081 | INFO | Assistant responded
2026-06-26 12:02:19,197 | INFO | User: open youtube
2026-06-26 12:02:19,477 | INFO | Assistant responded
2026-06-26 12:02:34,272 | INFO | User: who is narendra
2026-06-26 12:02:35,129 | INFO | Assistant responded
2026-06-26 12:02:41,442 | INFO | User: who is narendra modi
2026-06-26 12:02:42,428 | INFO | Assistant responded
2026-06-26 12:02:49,761 | INFO | User: artificial
2026-06-26 12:02:49,963 | INFO | Assistant responded
2026-06-26 12:02:56,754 | INFO | User: what is artificial intelligence
2026-06-26 12:02:57,736 | INFO | Assistant responded
2026-06-26 12:03:03,873 | INFO | User: tell me a joke
2026-06-26 12:03:04,073 | INFO | Assistant responded
2026-06-26 12:03:10,430 | INFO | User: my name is army
2026-06-26 12:03:10,658 | INFO | Assistant responded
2026-06-26 12:03:14,898 | INFO | User: what is my name
2026-06-26 12:03:15,101 | INFO | Assistant responded
2026-06-26 12:03:30,262 | INFO | User: remind me to study at different 12:30
2026-06-26 12:03:30,475 | INFO | Assistant responded
2026-06-26 12:03:44,242 | INFO | User: weather in ahmedabad
2026-06-26 12:03:44,458 | INFO | Assistant responded
2026-06-26 12:03:52,082 | INFO | User: open calculator
2026-06-26 12:03:52,992 | INFO | Assistant responded
2026-06-26 12:04:08,143 | INFO | User: what is machine learning
2026-06-26 12:04:10,254 | INFO | Assistant responded
2026-06-26 12:18:04,821 | INFO | User: what is the time
2026-06-26 12:18:05,053 | INFO | Assistant responded
2026-06-26 12:18:15,504 | INFO | User: what is the date
2026-06-26 12:18:15,728 | INFO | Assistant responded
2026-06-26 12:18:33,737 | INFO | User: alone
2026-06-26 12:18:33,946 | INFO | Assistant responded
2026-06-26 12:18:42,460 | INFO | User: python
2026-06-26 12:18:42,663 | INFO | Assistant responded
2026-06-26 12:18:47,632 | INFO | User: what is python
2026-06-26 12:18:51,159 | INFO | Assistant responded
2026-06-26 12:18:56,947 | INFO | User: my name is army
2026-06-26 12:18:57,162 | INFO | Assistant responded
2026-06-26 12:19:05,565 | INFO | User: what is my
2026-06-26 12:19:17,438 | INFO | Assistant responded
2026-06-26 12:19:24,744 | INFO | User: my name
2026-06-26 12:19:24,968 | INFO | Assistant responded
2026-06-26 12:19:34,737 | INFO | User: remind me to study at 13
2026-06-26 12:19:34,954 | INFO | Assistant responded
2026-06-26 12:19:43,983 | INFO | User: open note
2026-06-26 12:19:44,188 | INFO | Assistant responded
2026-06-26 12:19:49,045 | INFO | User: open notepad
2026-06-26 12:19:50,093 | INFO | Assistant responded
2026-06-26 12:20:10,949 | INFO | User: narendra modi
2026-06-26 12:20:11,157 | INFO | Assistant responded
2026-06-26 12:20:15,768 | INFO | User: who is amit shah
2026-06-26 12:20:38,024 | INFO | Assistant responded
2026-06-26 12:20:44,281 | INFO | User: what is my name
2026-06-26 12:20:44,491 | INFO | Assistant responded
2026-06-26 14:17:06,692 | INFO | User: the time
2026-06-26 14:17:06,892 | INFO | Assistant responded
2026-06-26 14:17:13,660 | INFO | User: what is the
2026-06-26 14:17:18,413 | INFO | Assistant responded
2026-06-26 14:17:26,726 | INFO | User: australian
2026-06-26 14:17:26,926 | INFO | Assistant responded
2026-06-26 14:17:33,007 | INFO | User: what is machine learning
2026-06-26 14:17:34,252 | INFO | Assistant responded
2026-06-26 14:17:41,986 | INFO | User: open youtube
2026-06-26 14:17:42,263 | INFO | Assistant responded
2026-06-26 14:18:16,473 | INFO | User: weather in gujarat
2026-06-26 14:18:16,911 | INFO | Assistant responded
2026-06-26 14:18:31,070 | INFO | User: starting price
2026-06-26 14:18:31,266 | INFO | Assistant responded
2026-06-26 14:18:44,849 | INFO | User: open vs code
2026-06-26 14:18:45,057 | INFO | Assistant responded
2026-06-26 14:18:53,636 | INFO | User: my name is
2026-06-26 14:18:53,860 | INFO | Assistant responded
2026-06-27 12:08:24,386 | INFO | User: what is the time
2026-06-27 12:08:24,942 | INFO | Assistant responded
2026-06-27 12:08:29,543 | INFO | User: what is the
2026-06-27 12:08:33,196 | INFO | Assistant responded
2026-06-27 12:08:38,058 | INFO | User: what is the date
2026-06-27 12:08:38,564 | INFO | Assistant responded
2026-06-27 12:08:44,440 | INFO | User: who is virat kohli
2026-06-27 12:08:46,611 | INFO | Assistant responded
2026-06-27 12:08:57,899 | INFO | User: what is machine learning
2026-06-27 12:08:59,600 | INFO | Assistant responded
2026-06-27 12:09:07,033 | INFO | User: weather in ahmedabad
2026-06-27 12:09:08,241 | INFO | Assistant responded
2026-06-27 12:09:15,516 | INFO | User: open vs code
2026-06-27 12:09:16,202 | INFO | Assistant responded
2026-06-27 12:09:27,228 | INFO | User: open
2026-06-27 12:09:28,258 | INFO | Assistant responded
2026-06-27 12:09:37,881 | INFO | User: thank
2026-06-27 12:09:38,545 | INFO | Assistant responded
2026-06-27 12:09:55,575 | INFO | User: remind me to complete my project
2026-06-27 12:09:56,308 | INFO | Assistant responded
2026-06-27 12:10:09,027 | INFO | User: 12:00
2026-06-27 12:10:09,524 | INFO | Assistant responded
2026-06-27 12:10:20,101 | INFO | User: my name is
2026-06-27 12:10:20,580 | INFO | Assistant responded
2026-06-27 12:10:26,379 | INFO | User: name is
2026-06-27 12:10:26,877 | INFO | Assistant responded
2026-06-27 12:10:43,060 | INFO | User: my name
2026-06-27 12:10:43,558 | INFO | Assistant responded
2026-06-27 12:10:51,868 | INFO | User: my name is sheetal
2026-06-27 12:10:52,384 | INFO | Assistant responded
2026-06-27 12:10:57,135 | INFO | User: what is my name
2026-06-27 12:10:57,658 | INFO | Assistant responded
2026-06-27 12:11:03,966 | INFO | User: goodbye
2026-06-27 12:11:04,469 | INFO | Assistant responded
2026-06-27 12:50:50,757 | INFO | User: who is virat kohli
2026-06-27 12:50:53,041 | INFO | Assistant responded
2026-06-27 12:50:57,985 | INFO | User: what is machine learning
2026-06-27 12:50:58,799 | INFO | Assistant responded
2026-06-27 12:51:27,836 | INFO | User: who are you
2026-06-27 12:51:28,288 | INFO | Assistant responded
2026-06-27 12:51:34,890 | INFO | User: how are you
2026-06-27 12:51:35,327 | INFO | Assistant responded
2026-06-27 12:52:08,296 | INFO | User: power 8
2026-06-27 12:52:08,748 | INFO | Assistant responded
2026-06-27 12:52:13,228 | INFO | User: calculate 2
2026-06-27 12:52:15,320 | INFO | Assistant responded
2026-06-27 12:52:26,184 | INFO | User: 12 x 9
2026-06-27 12:52:26,641 | INFO | Assistant responded
2026-06-27 12:52:34,462 | INFO | User: 12 x 9
2026-06-27 12:52:34,954 | INFO | Assistant responded
2026-07-01 17:19:15,217 | INFO | User: weather in ahmedabad
2026-07-01 17:19:16,377 | INFO | Assistant responded
2026-07-01 17:19:26,104 | INFO | User: 1930
2026-07-01 17:19:26,602 | INFO | Assistant responded
2026-07-01 17:19:33,240 | INFO | User: my name is army
2026-07-01 17:19:33,763 | INFO | Assistant responded
2026-07-01 17:19:38,710 | INFO | User: what is my name
2026-07-01 17:19:39,240 | INFO | Assistant responded
2026-07-01 17:19:45,109 | INFO | User: remind
2026-07-01 17:19:45,629 | INFO | Assistant responded
2026-07-01 17:20:00,508 | INFO | User: tell me a joke
2026-07-01 17:20:01,038 | INFO | Assistant responded
2026-07-01 17:20:12,682 | INFO | User: motivational
2026-07-01 17:20:13,235 | INFO | Assistant responded
2026-07-01 17:20:23,972 | INFO | User: give me a motivational line
2026-07-01 17:20:24,495 | INFO | Assistant responded
2026-07-01 17:20:38,744 | INFO | User: what is 12 x
2026-07-01 17:20:41,035 | INFO | Assistant responded
2026-07-01 17:20:55,329 | INFO | User: who is ms dhoni
2026-07-01 17:20:57,196 | INFO | Assistant responded
2026-07-01 17:21:10,912 | INFO | User: is 12 x 3
2026-07-01 17:21:11,577 | INFO | Assistant responded
2026-07-01 17:21:16,961 | INFO | User: 12 x 3
2026-07-01 17:21:17,464 | INFO | Assistant responded
2026-07-01 17:21:36,324 | INFO | User: open notepad
2026-07-01 17:21:37,078 | INFO | Assistant responded
2026-07-01 17:21:46,347 | INFO | User: good bye
2026-07-01 17:21:46,846 | INFO | Assistant responded
2026-07-01 17:28:35,617 | INFO | User: weather at rajkot
2026-07-01 17:28:36,845 | INFO | Assistant responded
2026-07-01 17:28:55,793 | INFO | User: what is 12 x 8
2026-07-01 17:28:59,623 | INFO | Assistant responded
2026-07-01 17:29:20,433 | INFO | User: 17 august
2026-07-01 17:29:20,929 | INFO | Assistant responded
2026-07-01 17:29:26,943 | INFO | User: remind me on study
2026-07-01 17:29:27,564 | INFO | Assistant responded
2026-07-01 17:29:35,894 | INFO | User: find me to study
2026-07-01 17:29:36,521 | INFO | Assistant responded
2026-07-01 17:29:58,893 | INFO | User: hello
2026-07-01 17:29:59,398 | INFO | Assistant responded
2026-07-01 17:30:06,906 | INFO | User: give me a motivational
2026-07-01 17:30:07,551 | INFO | Assistant responded
2026-07-01 17:30:33,564 | INFO | User: exit
2026-07-01 17:30:34,057 | INFO | Assistant responded
2026-07-01 18:25:58,801 | INFO | User: what is the time
2026-07-01 18:25:59,284 | INFO | Assistant responded
2026-07-01 18:26:04,976 | INFO | User: my name is army
2026-07-01 18:26:05,408 | INFO | Assistant responded
2026-07-01 18:26:09,837 | INFO | User: what is my name
2026-07-01 18:26:10,308 | INFO | Assistant responded
2026-07-01 18:26:16,090 | INFO | User: what is today's date
2026-07-01 18:26:16,512 | INFO | Assistant responded
2026-07-01 18:26:20,933 | INFO | User: open vs
2026-07-01 18:26:21,395 | INFO | Assistant responded
2026-07-01 18:26:25,992 | INFO | User: open vs code
2026-07-01 18:26:26,485 | INFO | Assistant responded
2026-07-01 18:26:36,448 | INFO | User: what is machine learning
2026-07-01 18:26:38,032 | INFO | Assistant responded
2026-07-01 18:26:41,842 | INFO | User: tell me a joke
2026-07-01 18:26:42,312 | INFO | Assistant responded
2026-07-01 18:26:47,717 | INFO | User: play a song in
2026-07-01 18:26:49,347 | INFO | Assistant responded
2026-07-01 18:27:03,159 | INFO | User: good bye
2026-07-01 18:27:03,816 | INFO | Assistant responded
2026-07-01 18:29:28,923 | INFO | User: play a song
2026-07-01 18:29:30,790 | INFO | Assistant responded
2026-07-01 18:30:00,128 | INFO | User: hindi movie song
2026-07-01 18:30:00,682 | INFO | Assistant responded
2026-07-01 18:30:05,251 | INFO | User: play a
2026-07-01 18:30:06,698 | INFO | Assistant responded
2026-07-01 18:30:32,827 | INFO | User: play a believer
2026-07-01 18:30:34,481 | INFO | Assistant responded
2026-07-01 18:31:23,891 | INFO | User: hello
2026-07-01 18:31:24,396 | INFO | Assistant responded
2026-07-01 18:31:28,281 | INFO | User: what is the time
2026-07-01 18:31:28,772 | INFO | Assistant responded
2026-07-01 18:31:33,846 | INFO | User: my name is army
2026-07-01 18:31:34,351 | INFO | Assistant responded
2026-07-01 18:31:42,923 | INFO | User: what is my name
2026-07-01 18:31:43,399 | INFO | Assistant responded
2026-07-01 18:31:48,341 | INFO | User: open vs code
2026-07-01 18:31:48,861 | INFO | Assistant responded
2026-07-01 18:32:00,511 | INFO | User: what is machine learning
2026-07-01 18:32:01,390 | INFO | Assistant responded
2026-07-01 18:32:06,465 | INFO | User: tell me a joke
2026-07-01 18:32:06,960 | INFO | Assistant responded
2026-07-01 18:32:14,154 | INFO | User: open calculator
2026-07-01 18:32:14,951 | INFO | Assistant responded
2026-07-01 18:32:25,914 | INFO | User: olivia
2026-07-01 18:32:26,422 | INFO | Assistant responded
2026-07-01 18:39:37,795 | INFO | User: hello
2026-07-01 18:39:38,462 | INFO | Assistant responded
2026-07-01 18:39:42,303 | INFO | User: what is the time
2026-07-01 18:39:42,790 | INFO | Assistant responded
2026-07-01 18:39:47,363 | INFO | User: my name is army
2026-07-01 18:39:47,842 | INFO | Assistant responded
2026-07-01 18:39:51,318 | INFO | User: what is my name
2026-07-01 18:39:51,787 | INFO | Assistant responded
2026-07-01 18:39:57,176 | INFO | User: what is machine learning
2026-07-01 18:39:58,288 | INFO | Assistant responded
2026-07-01 18:40:03,559 | INFO | User: open vs code
2026-07-01 18:40:04,083 | INFO | Assistant responded
2026-07-01 18:40:13,498 | INFO | User: tell me a joke
2026-07-01 18:40:13,969 | INFO | Assistant responded
2026-07-01 18:40:19,995 | INFO | User: play a
2026-07-01 18:40:21,947 | INFO | Assistant responded
2026-07-01 18:40:38,970 | INFO | User: what is the date
2026-07-01 18:40:39,610 | INFO | Assistant responded
2026-07-01 18:40:48,918 | INFO | User: who is narendra modi
2026-07-01 18:40:50,566 | INFO | Assistant responded
2026-07-01 18:41:00,521 | INFO | User: good bye
2026-07-01 18:41:00,982 | INFO | Assistant responded
